{"total": {"lines":{"total":62,"covered":48,"skipped":0,"pct":77.41},"statements":{"total":62,"covered":48,"skipped":0,"pct":77.41},"functions":{"total":6,"covered":5,"skipped":0,"pct":83.33},"branches":{"total":7,"covered":6,"skipped":0,"pct":85.71},"branchesTrue":{"total":0,"covered":0,"skipped":0,"pct":100}}
,"/Users/christoffer/Documents/A Study In Programming/Folkuniversitetet/Distansutbildningar/Kurser/Javascriptutvecklare/CD - CI deployment/JS23/Aktivitetsrepon/test/src/App.jsx": {"lines":{"total":19,"covered":19,"skipped":0,"pct":100},"functions":{"total":3,"covered":3,"skipped":0,"pct":100},"statements":{"total":19,"covered":19,"skipped":0,"pct":100},"branches":{"total":4,"covered":4,"skipped":0,"pct":100}}
,"/Users/christoffer/Documents/A Study In Programming/Folkuniversitetet/Distansutbildningar/Kurser/Javascriptutvecklare/CD - CI deployment/JS23/Aktivitetsrepon/test/src/main.jsx": {"lines":{"total":14,"covered":0,"skipped":0,"pct":0},"functions":{"total":1,"covered":0,"skipped":0,"pct":0},"statements":{"total":14,"covered":0,"skipped":0,"pct":0},"branches":{"total":1,"covered":0,"skipped":0,"pct":0}}
,"/Users/christoffer/Documents/A Study In Programming/Folkuniversitetet/Distansutbildningar/Kurser/Javascriptutvecklare/CD - CI deployment/JS23/Aktivitetsrepon/test/src/reducers/counterReducer.js": {"lines":{"total":19,"covered":19,"skipped":0,"pct":100},"functions":{"total":2,"covered":2,"skipped":0,"pct":100},"statements":{"total":19,"covered":19,"skipped":0,"pct":100},"branches":{"total":2,"covered":2,"skipped":0,"pct":100}}
,"/Users/christoffer/Documents/A Study In Programming/Folkuniversitetet/Distansutbildningar/Kurser/Javascriptutvecklare/CD - CI deployment/JS23/Aktivitetsrepon/test/src/store/store.js": {"lines":{"total":10,"covered":10,"skipped":0,"pct":100},"functions":{"total":0,"covered":0,"skipped":0,"pct":100},"statements":{"total":10,"covered":10,"skipped":0,"pct":100},"branches":{"total":0,"covered":0,"skipped":0,"pct":100}}
}
