{"/Users/christoffer/Documents/A Study In Programming/Folkuniversitetet/Distansutbildningar/Kurser/Javascriptutvecklare/CD - CI deployment/JS23/Aktivitetsrepon/test/src/App.jsx": {"path":"/Users/christoffer/Documents/A Study In Programming/Folkuniversitetet/Distansutbildningar/Kurser/Javascriptutvecklare/CD - CI deployment/JS23/Aktivitetsrepon/test/src/App.jsx","all":false,"statementMap":{"0":{"start":{"line":1,"column":0},"end":{"line":1,"column":19}},"1":{"start":{"line":2,"column":0},"end":{"line":2,"column":55}},"2":{"start":{"line":3,"column":0},"end":{"line":3,"column":65}},"11":{"start":{"line":12,"column":0},"end":{"line":12,"column":16}},"12":{"start":{"line":13,"column":0},"end":{"line":13,"column":33}},"13":{"start":{"line":14,"column":0},"end":{"line":14,"column":42}},"14":{"start":{"line":15,"column":0},"end":{"line":15,"column":31}},"15":{"start":{"line":16,"column":0},"end":{"line":16,"column":5}},"17":{"start":{"line":18,"column":0},"end":{"line":18,"column":10}},"18":{"start":{"line":19,"column":0},"end":{"line":19,"column":10}},"19":{"start":{"line":20,"column":0},"end":{"line":20,"column":22}},"20":{"start":{"line":21,"column":0},"end":{"line":21,"column":31}},"21":{"start":{"line":22,"column":0},"end":{"line":22,"column":15}},"22":{"start":{"line":23,"column":0},"end":{"line":23,"column":73}},"23":{"start":{"line":24,"column":0},"end":{"line":24,"column":76}},"24":{"start":{"line":25,"column":0},"end":{"line":25,"column":16}},"25":{"start":{"line":26,"column":0},"end":{"line":26,"column":11}},"27":{"start":{"line":28,"column":0},"end":{"line":28,"column":1}},"29":{"start":{"line":30,"column":0},"end":{"line":30,"column":19}}},"s":{"0":1,"1":1,"2":1,"11":4,"12":4,"13":4,"14":8,"15":4,"17":4,"18":4,"19":4,"20":4,"21":4,"22":4,"23":4,"24":4,"25":4,"27":4,"29":1},"branchMap":{"0":{"type":"branch","line":12,"loc":{"start":{"line":12,"column":0},"end":{"line":28,"column":1}},"locations":[{"start":{"line":12,"column":0},"end":{"line":28,"column":1}}]},"1":{"type":"branch","line":14,"loc":{"start":{"line":14,"column":30},"end":{"line":16,"column":3}},"locations":[{"start":{"line":14,"column":30},"end":{"line":16,"column":3}}]},"2":{"type":"branch","line":23,"loc":{"start":{"line":23,"column":25},"end":{"line":23,"column":55}},"locations":[{"start":{"line":23,"column":25},"end":{"line":23,"column":55}}]},"3":{"type":"branch","line":24,"loc":{"start":{"line":24,"column":25},"end":{"line":24,"column":55}},"locations":[{"start":{"line":24,"column":25},"end":{"line":24,"column":55}}]}},"b":{"0":[4],"1":[8],"2":[1],"3":[1]},"fnMap":{"0":{"name":"App","decl":{"start":{"line":12,"column":0},"end":{"line":28,"column":1}},"loc":{"start":{"line":12,"column":0},"end":{"line":28,"column":1}},"line":12},"1":{"name":"onClick","decl":{"start":{"line":23,"column":25},"end":{"line":23,"column":55}},"loc":{"start":{"line":23,"column":25},"end":{"line":23,"column":55}},"line":23},"2":{"name":"onClick","decl":{"start":{"line":24,"column":25},"end":{"line":24,"column":55}},"loc":{"start":{"line":24,"column":25},"end":{"line":24,"column":55}},"line":24}},"f":{"0":4,"1":1,"2":1}}
,"/Users/christoffer/Documents/A Study In Programming/Folkuniversitetet/Distansutbildningar/Kurser/Javascriptutvecklare/CD - CI deployment/JS23/Aktivitetsrepon/test/src/main.jsx": {"path":"/Users/christoffer/Documents/A Study In Programming/Folkuniversitetet/Distansutbildningar/Kurser/Javascriptutvecklare/CD - CI deployment/JS23/Aktivitetsrepon/test/src/main.jsx","all":true,"statementMap":{"0":{"start":{"line":1,"column":0},"end":{"line":1,"column":35}},"1":{"start":{"line":2,"column":0},"end":{"line":2,"column":46}},"2":{"start":{"line":3,"column":0},"end":{"line":3,"column":21}},"3":{"start":{"line":4,"column":0},"end":{"line":4,"column":28}},"4":{"start":{"line":5,"column":0},"end":{"line":5,"column":39}},"5":{"start":{"line":6,"column":0},"end":{"line":6,"column":37}},"6":{"start":{"line":7,"column":0},"end":{"line":7,"column":0}},"7":{"start":{"line":8,"column":0},"end":{"line":8,"column":51}},"8":{"start":{"line":9,"column":0},"end":{"line":9,"column":14}},"9":{"start":{"line":10,"column":0},"end":{"line":10,"column":28}},"10":{"start":{"line":11,"column":0},"end":{"line":11,"column":13}},"11":{"start":{"line":12,"column":0},"end":{"line":12,"column":15}},"12":{"start":{"line":13,"column":0},"end":{"line":13,"column":15}},"13":{"start":{"line":14,"column":0},"end":{"line":14,"column":2}}},"s":{"0":0,"1":0,"2":0,"3":0,"4":0,"5":0,"6":0,"7":0,"8":0,"9":0,"10":0,"11":0,"12":0,"13":0},"branchMap":{"0":{"type":"branch","line":1,"loc":{"start":{"line":1,"column":0},"end":{"line":14,"column":2}},"locations":[{"start":{"line":1,"column":0},"end":{"line":14,"column":2}}]}},"b":{"0":[0]},"fnMap":{"0":{"name":"(empty-report)","decl":{"start":{"line":1,"column":0},"end":{"line":14,"column":2}},"loc":{"start":{"line":1,"column":0},"end":{"line":14,"column":2}},"line":1}},"f":{"0":0}}
,"/Users/christoffer/Documents/A Study In Programming/Folkuniversitetet/Distansutbildningar/Kurser/Javascriptutvecklare/CD - CI deployment/JS23/Aktivitetsrepon/test/src/reducers/counterReducer.js": {"path":"/Users/christoffer/Documents/A Study In Programming/Folkuniversitetet/Distansutbildningar/Kurser/Javascriptutvecklare/CD - CI deployment/JS23/Aktivitetsrepon/test/src/reducers/counterReducer.js","all":false,"statementMap":{"0":{"start":{"line":1,"column":0},"end":{"line":1,"column":91}},"2":{"start":{"line":3,"column":0},"end":{"line":3,"column":103}},"3":{"start":{"line":4,"column":0},"end":{"line":4,"column":22}},"4":{"start":{"line":5,"column":0},"end":{"line":5,"column":11}},"5":{"start":{"line":6,"column":0},"end":{"line":6,"column":2}},"7":{"start":{"line":8,"column":0},"end":{"line":8,"column":34}},"8":{"start":{"line":9,"column":0},"end":{"line":9,"column":18}},"9":{"start":{"line":10,"column":0},"end":{"line":10,"column":15}},"10":{"start":{"line":11,"column":0},"end":{"line":11,"column":13}},"11":{"start":{"line":12,"column":0},"end":{"line":12,"column":30}},"12":{"start":{"line":13,"column":0},"end":{"line":13,"column":61}},"13":{"start":{"line":14,"column":0},"end":{"line":14,"column":6}},"14":{"start":{"line":15,"column":0},"end":{"line":15,"column":30}},"15":{"start":{"line":16,"column":0},"end":{"line":16,"column":36}},"16":{"start":{"line":17,"column":0},"end":{"line":17,"column":6}},"17":{"start":{"line":18,"column":0},"end":{"line":18,"column":4}},"18":{"start":{"line":19,"column":0},"end":{"line":19,"column":3}},"20":{"start":{"line":21,"column":0},"end":{"line":21,"column":94}},"22":{"start":{"line":23,"column":0},"end":{"line":23,"column":36}}},"s":{"0":1,"2":1,"3":1,"4":1,"5":1,"7":1,"8":1,"9":1,"10":1,"11":1,"12":1,"13":1,"14":1,"15":1,"16":1,"17":1,"18":1,"20":1,"22":1},"branchMap":{"0":{"type":"branch","line":12,"loc":{"start":{"line":12,"column":4},"end":{"line":14,"column":5}},"locations":[{"start":{"line":12,"column":4},"end":{"line":14,"column":5}}]},"1":{"type":"branch","line":15,"loc":{"start":{"line":15,"column":4},"end":{"line":17,"column":5}},"locations":[{"start":{"line":15,"column":4},"end":{"line":17,"column":5}}]}},"b":{"0":[1],"1":[1]},"fnMap":{"0":{"name":"increment","decl":{"start":{"line":12,"column":4},"end":{"line":14,"column":5}},"loc":{"start":{"line":12,"column":4},"end":{"line":14,"column":5}},"line":12},"1":{"name":"decrement","decl":{"start":{"line":15,"column":4},"end":{"line":17,"column":5}},"loc":{"start":{"line":15,"column":4},"end":{"line":17,"column":5}},"line":15}},"f":{"0":1,"1":1}}
,"/Users/christoffer/Documents/A Study In Programming/Folkuniversitetet/Distansutbildningar/Kurser/Javascriptutvecklare/CD - CI deployment/JS23/Aktivitetsrepon/test/src/store/store.js": {"path":"/Users/christoffer/Documents/A Study In Programming/Folkuniversitetet/Distansutbildningar/Kurser/Javascriptutvecklare/CD - CI deployment/JS23/Aktivitetsrepon/test/src/store/store.js","all":false,"statementMap":{"0":{"start":{"line":1,"column":0},"end":{"line":1,"column":94}},"1":{"start":{"line":2,"column":0},"end":{"line":2,"column":61}},"2":{"start":{"line":3,"column":0},"end":{"line":3,"column":0}},"3":{"start":{"line":4,"column":0},"end":{"line":4,"column":30}},"4":{"start":{"line":5,"column":0},"end":{"line":5,"column":12}},"5":{"start":{"line":6,"column":0},"end":{"line":6,"column":28}},"6":{"start":{"line":7,"column":0},"end":{"line":7,"column":4}},"7":{"start":{"line":8,"column":0},"end":{"line":8,"column":3}},"8":{"start":{"line":9,"column":0},"end":{"line":9,"column":0}},"9":{"start":{"line":10,"column":0},"end":{"line":10,"column":21}}},"s":{"0":1,"1":1,"2":1,"3":1,"4":1,"5":1,"6":1,"7":1,"8":1,"9":1},"branchMap":{},"b":{},"fnMap":{},"f":{}}
}
