TN:
SF:src/App.jsx
FN:12,App
FN:23,onClick
FN:24,onClick
FNF:3
FNH:3
FNDA:4,App
FNDA:1,onClick
FNDA:1,onClick
DA:1,1
DA:2,1
DA:3,1
DA:12,4
DA:13,4
DA:14,4
DA:15,8
DA:16,4
DA:18,4
DA:19,4
DA:20,4
DA:21,4
DA:22,4
DA:23,4
DA:24,4
DA:25,4
DA:26,4
DA:28,4
DA:30,1
LF:19
LH:19
BRDA:12,0,0,4
BRDA:14,1,0,8
BRDA:23,2,0,1
BRDA:24,3,0,1
BRF:4
BRH:4
end_of_record
TN:
SF:src/main.jsx
FN:1,(empty-report)
FNF:1
FNH:0
FNDA:0,(empty-report)
DA:1,0
DA:2,0
DA:3,0
DA:4,0
DA:5,0
DA:6,0
DA:7,0
DA:8,0
DA:9,0
DA:10,0
DA:11,0
DA:12,0
DA:13,0
DA:14,0
LF:14
LH:0
BRDA:1,0,0,0
BRF:1
BRH:0
end_of_record
TN:
SF:src/reducers/counterReducer.js
FN:12,increment
FN:15,decrement
FNF:2
FNH:2
FNDA:1,increment
FNDA:1,decrement
DA:1,1
DA:3,1
DA:4,1
DA:5,1
DA:6,1
DA:8,1
DA:9,1
DA:10,1
DA:11,1
DA:12,1
DA:13,1
DA:14,1
DA:15,1
DA:16,1
DA:17,1
DA:18,1
DA:19,1
DA:21,1
DA:23,1
LF:19
LH:19
BRDA:12,0,0,1
BRDA:15,1,0,1
BRF:2
BRH:2
end_of_record
TN:
SF:src/store/store.js
FNF:0
FNH:0
DA:1,1
DA:2,1
DA:3,1
DA:4,1
DA:5,1
DA:6,1
DA:7,1
DA:8,1
DA:9,1
DA:10,1
LF:10
LH:10
BRF:0
BRH:0
end_of_record
